<?xml version="1.0" encoding="UTF-8"?>
<!-- Generated by org.testng.reporters.JUnitXMLReporter -->
<testsuite ignored="0" hostname="DESKTOP-6F8TR2V" failures="1" tests="1" name="Test" time="90.156" errors="0" timestamp="2023-02-28T13:26:14 IST">
  <testcase classname="Organisation.CreateOrganisationTest" name="createOrganisationTest" time="0.14">
    <failure type="java.lang.AssertionError" message="expected [true] but found [false]">
      <![CDATA[java.lang.AssertionError: expected [true] but found [false]
at Organisation.CreateOrganisationTest.createOrganisationTest(CreateOrganisationTest.java:86)
at java.base/java.util.ArrayList.forEach(ArrayList.java:1511)
... Removed 31 stack frames]]>
    </failure>
  </testcase> <!-- createOrganisationTest -->
</testsuite> <!-- Test -->
